# JRE version: OpenJDK Runtime Environment Temurin-17.0.12+7 (17.0.12+7) (build 17.0.12+7)
# Java VM: OpenJDK 64-Bit Server VM Temurin-17.0.12+7 (17.0.12+7, mixed mode, emulated-client, tiered, compressed oops, compressed class ptrs, g1 gc, windows-amd64)
GC Precious Log:
 CPUs: 8 total, 8 available
 Memory: 8078M
 Large Page Support: Disabled
 NUMA Support: Disabled
 Compressed Oops: Enabled (32-bit)
 Heap Region Size: 1M
 Heap Min Capacity: 8M
 Heap Initial Capacity: 128M
 Heap Max Capacity: 1G
 Pre-touch: Disabled
 Parallel Workers: 8
 Concurrent Workers: 2
 Concurrent Refinement Workers: 8
 Periodic GC: Disabled
Heap:
 garbage-first heap   total 91136K, used 41607K [0x00000000c0000000, 0x0000000100000000)
  region size 1024K, 1 young (1024K), 0 survivors (0K)
 Metaspace       used 61038K, committed 61504K, reserved 1114112K
  class space    used 7677K, committed 7872K, reserved 1048576K
GC Heap History (20 events):
Event: 21255.959 GC heap after
{Heap after GC invocations=1974 (full 1944):
 garbage-first heap   total 91136K, used 41607K [0x00000000c0000000, 0x0000000100000000)
  region size 1024K, 0 young (0K), 0 survivors (0K)
 Metaspace       used 61038K, committed 61504K, reserved 1114112K
  class space    used 7677K, committed 7872K, reserved 1048576K
}
Event: 21266.189 GC heap before
{Heap before GC invocations=1974 (full 1944):
 garbage-first heap   total 91136K, used 41607K [0x00000000c0000000, 0x0000000100000000)
  region size 1024K, 1 young (1024K), 0 survivors (0K)
 Metaspace       used 61038K, committed 61504K, reserved 1114112K
  class space    used 7677K, committed 7872K, reserved 1048576K
}
Event: 21266.240 GC heap after
{Heap after GC invocations=1975 (full 1945):
 garbage-first heap   total 91136K, used 41607K [0x00000000c0000000, 0x0000000100000000)
  region size 1024K, 0 young (0K), 0 survivors (0K)
 Metaspace       used 61038K, committed 61504K, reserved 1114112K
  class space    used 7677K, committed 7872K, reserved 1048576K
}
Event: 21276.578 GC heap before
{Heap before GC invocations=1975 (full 1945):
 garbage-first heap   total 91136K, used 41607K [0x00000000c0000000, 0x0000000100000000)
  region size 1024K, 1 young (1024K), 0 survivors (0K)
 Metaspace       used 61038K, committed 61504K, reserved 1114112K
  class space    used 7677K, committed 7872K, reserved 1048576K
}
Event: 21276.625 GC heap after
{Heap after GC invocations=1976 (full 1946):
 garbage-first heap   total 91136K, used 41607K [0x00000000c0000000, 0x0000000100000000)
  region size 1024K, 0 young (0K), 0 survivors (0K)
 Metaspace       used 61038K, committed 61504K, reserved 1114112K
  class space    used 7677K, committed 7872K, reserved 1048576K
}
Event: 21287.041 GC heap before
{Heap before GC invocations=1976 (full 1946):
 garbage-first heap   total 91136K, used 41607K [0x00000000c0000000, 0x0000000100000000)
  region size 1024K, 1 young (1024K), 0 survivors (0K)
 Metaspace       used 61038K, committed 61504K, reserved 1114112K
  class space    used 7677K, committed 7872K, reserved 1048576K
}
Event: 21287.122 GC heap after
{Heap after GC invocations=1977 (full 1947):
 garbage-first heap   total 91136K, used 41607K [0x00000000c0000000, 0x0000000100000000)
  region size 1024K, 0 young (0K), 0 survivors (0K)
 Metaspace       used 61038K, committed 61504K, reserved 1114112K
  class space    used 7677K, committed 7872K, reserved 1048576K
}
Event: 21297.373 GC heap before
{Heap before GC invocations=1977 (full 1947):
 garbage-first heap   total 91136K, used 41607K [0x00000000c0000000, 0x0000000100000000)
  region size 1024K, 1 young (1024K), 0 survivors (0K)
 Metaspace       used 61038K, committed 61504K, reserved 1114112K
  class space    used 7677K, committed 7872K, reserved 1048576K
}
Event: 21297.426 GC heap after
{Heap after GC invocations=1978 (full 1948):
 garbage-first heap   total 91136K, used 41607K [0x00000000c0000000, 0x0000000100000000)
  region size 1024K, 0 young (0K), 0 survivors (0K)
 Metaspace       used 61038K, committed 61504K, reserved 1114112K
  class space    used 7677K, committed 7872K, reserved 1048576K
}
Event: 21307.689 GC heap before
{Heap before GC invocations=1978 (full 1948):
 garbage-first heap   total 91136K, used 41607K [0x00000000c0000000, 0x0000000100000000)
  region size 1024K, 1 young (1024K), 0 survivors (0K)
 Metaspace       used 61038K, committed 61504K, reserved 1114112K
  class space    used 7677K, committed 7872K, reserved 1048576K
}
Event: 21307.737 GC heap after
{Heap after GC invocations=1979 (full 1949):
 garbage-first heap   total 91136K, used 41607K [0x00000000c0000000, 0x0000000100000000)
  region size 1024K, 0 young (0K), 0 survivors (0K)
 Metaspace       used 61038K, committed 61504K, reserved 1114112K
  class space    used 7677K, committed 7872K, reserved 1048576K
}
Event: 21318.296 GC heap before
{Heap before GC invocations=1979 (full 1949):
 garbage-first heap   total 91136K, used 41607K [0x00000000c0000000, 0x0000000100000000)
  region size 1024K, 1 young (1024K), 0 survivors (0K)
 Metaspace       used 61038K, committed 61504K, reserved 1114112K
  class space    used 7677K, committed 7872K, reserved 1048576K
}
Event: 21318.361 GC heap after
{Heap after GC invocations=1980 (full 1950):
 garbage-first heap   total 91136K, used 41607K [0x00000000c0000000, 0x0000000100000000)
  region size 1024K, 0 young (0K), 0 survivors (0K)
 Metaspace       used 61038K, committed 61504K, reserved 1114112K
  class space    used 7677K, committed 7872K, reserved 1048576K
}
Event: 21328.578 GC heap before
{Heap before GC invocations=1980 (full 1950):
 garbage-first heap   total 91136K, used 41607K [0x00000000c0000000, 0x0000000100000000)
  region size 1024K, 1 young (1024K), 0 survivors (0K)
 Metaspace       used 61038K, committed 61504K, reserved 1114112K
  class space    used 7677K, committed 7872K, reserved 1048576K
}
Event: 21328.633 GC heap after
{Heap after GC invocations=1981 (full 1951):
 garbage-first heap   total 91136K, used 41607K [0x00000000c0000000, 0x0000000100000000)
  region size 1024K, 0 young (0K), 0 survivors (0K)
 Metaspace       used 61038K, committed 61504K, reserved 1114112K
  class space    used 7677K, committed 7872K, reserved 1048576K
}
Event: 21339.104 GC heap before
{Heap before GC invocations=1981 (full 1951):
 garbage-first heap   total 91136K, used 41607K [0x00000000c0000000, 0x0000000100000000)
  region size 1024K, 1 young (1024K), 0 survivors (0K)
 Metaspace       used 61038K, committed 61504K, reserved 1114112K
  class space    used 7677K, committed 7872K, reserved 1048576K
}
Event: 21339.221 GC heap after
{Heap after GC invocations=1982 (full 1952):
 garbage-first heap   total 91136K, used 41607K [0x00000000c0000000, 0x0000000100000000)
  region size 1024K, 0 young (0K), 0 survivors (0K)
 Metaspace       used 61038K, committed 61504K, reserved 1114112K
  class space    used 7677K, committed 7872K, reserved 1048576K
}
Event: 21349.610 GC heap before
{Heap before GC invocations=1982 (full 1952):
 garbage-first heap   total 91136K, used 41607K [0x00000000c0000000, 0x0000000100000000)
  region size 1024K, 1 young (1024K), 0 survivors (0K)
 Metaspace       used 61038K, committed 61504K, reserved 1114112K
  class space    used 7677K, committed 7872K, reserved 1048576K
}
Event: 21349.692 GC heap after
{Heap after GC invocations=1983 (full 1953):
 garbage-first heap   total 91136K, used 41607K [0x00000000c0000000, 0x0000000100000000)
  region size 1024K, 0 young (0K), 0 survivors (0K)
 Metaspace       used 61038K, committed 61504K, reserved 1114112K
  class space    used 7677K, committed 7872K, reserved 1048576K
}
Event: 21359.742 GC heap before
{Heap before GC invocations=1983 (full 1953):
 garbage-first heap   total 91136K, used 41607K [0x00000000c0000000, 0x0000000100000000)
  region size 1024K, 1 young (1024K), 0 survivors (0K)
 Metaspace       used 61038K, committed 61504K, reserved 1114112K
  class space    used 7677K, committed 7872K, reserved 1048576K
}

